<?xml version="1.0" encoding="UTF-8"?>
<testsuites name="SmokeTest" time="136.048" tests="1" failures="1" errors="0">
   <testsuite name="SmokeTest" tests="1" failures="1" errors="0" time="136.048" skipped="0" timestamp="2023-03-11 11:40:35" hostname="MSI - DESKTOP-P3BAH7Q" id="Test Suites/SmokeTest">
      <properties>
         <property name="deviceName" value="emulator-5554 (Android SDK built for x86_64 - Android 10)"/>
         <property name="devicePlatform" value=""/>
         <property name="logFolder" value="C:\\Users\\MSI\\git\\TemanDiabetes\\Reports\\20230311_114029\\SmokeTest\\20230311_114031"/>
         <property name="logFiles" value="C:\\Users\\MSI\\git\\TemanDiabetes\\Reports\\20230311_114029\\SmokeTest\\20230311_114031\\appium.log, C:\\Users\\MSI\\git\\TemanDiabetes\\Reports\\20230311_114029\\SmokeTest\\20230311_114031\\execution0.log"/>
         <property name="attachments" value="C:\\Users\\MSI\\git\\TemanDiabetes\\Reports\\20230311_114029\\SmokeTest\\20230311_114031\\1678509770702.png"/>
         <property name="hostName" value="MSI - DESKTOP-P3BAH7Q"/>
         <property name="os" value="Windows 10 64bit"/>
         <property name="appiumServerStatus" value="{&quot;value&quot;:{&quot;build&quot;:{&quot;version&quot;:&quot;1.22.2&quot;}},&quot;sessionId&quot;:null,&quot;status&quot;:0}"/>
         <property name="katalonVersion" value="8.4.1.208"/>
         <property name="deviceOS" value="Android"/>
         <property name="appiumVersion" value="1.22.2"/>
         <property name="deviceModel" value="Android SDK built for x86_64"/>
         <property name="hostAddress" value="192.168.18.21"/>
         <property name="deviceManufacturer" value="Google"/>
         <property name="deviceId" value="emulator-5554"/>
         <property name="deviceName" value="emulator-5554 (Android SDK built for x86_64 - Android 10)"/>
         <property name="deviceOSVersion" value="10"/>
      </properties>
      <testcase name="Test Cases/SmokeTest" time="135.811" classname="Test Cases/SmokeTest" status="FAILED">
         <failure type="FAILED" message="Test Cases/SmokeTest FAILED.
Reason:
com.kms.katalon.core.exception.StepFailedException: Feature file 'Include/features/InsertRecordBlood.feature' was failed
	at com.kms.katalon.core.keyword.internal.KeywordMain.stepFailed(KeywordMain.groovy:50)
	at com.kms.katalon.core.keyword.internal.KeywordMain.stepFailed(KeywordMain.groovy)
	at com.kms.katalon.core.keyword.internal.KeywordMain.stepFailed(KeywordMain.groovy:23)
	at com.kms.katalon.core.keyword.internal.KeywordMain$stepFailed$0.call(Unknown Source)
	at com.kms.katalon.core.cucumber.keyword.CucumberBuiltinKeywords$_runFeatureFile_closure1.doCall(CucumberBuiltinKeywords.groovy:114)
	at com.kms.katalon.core.cucumber.keyword.CucumberBuiltinKeywords$_runFeatureFile_closure1.doCall(CucumberBuiltinKeywords.groovy)
	at com.kms.katalon.core.keyword.internal.KeywordMain.runKeyword(KeywordMain.groovy:74)
	at com.kms.katalon.core.keyword.internal.KeywordMain.runKeyword(KeywordMain.groovy:68)
	at com.kms.katalon.core.keyword.internal.KeywordMain$runKeyword.call(Unknown Source)
	at com.kms.katalon.core.cucumber.keyword.CucumberBuiltinKeywords.runFeatureFile(CucumberBuiltinKeywords.groovy:75)
	at com.kms.katalon.core.cucumber.keyword.CucumberBuiltinKeywords$runFeatureFile$0.callStatic(Unknown Source)
	at com.kms.katalon.core.cucumber.keyword.CucumberBuiltinKeywords.runFeatureFile(CucumberBuiltinKeywords.groovy:248)
	at com.kms.katalon.core.cucumber.keyword.CucumberBuiltinKeywords$runFeatureFile.call(Unknown Source)
	at SmokeTest.run(SmokeTest:20)
	at com.kms.katalon.core.main.ScriptEngine.run(ScriptEngine.java:194)
	at com.kms.katalon.core.main.ScriptEngine.runScriptAsRawText(ScriptEngine.java:119)
	at com.kms.katalon.core.main.TestCaseExecutor.runScript(TestCaseExecutor.java:448)
	at com.kms.katalon.core.main.TestCaseExecutor.doExecute(TestCaseExecutor.java:439)
	at com.kms.katalon.core.main.TestCaseExecutor.processExecutionPhase(TestCaseExecutor.java:418)
	at com.kms.katalon.core.main.TestCaseExecutor.accessMainPhase(TestCaseExecutor.java:410)
	at com.kms.katalon.core.main.TestCaseExecutor.execute(TestCaseExecutor.java:285)
	at com.kms.katalon.core.common.CommonExecutor.accessTestCaseMainPhase(CommonExecutor.java:65)
	at com.kms.katalon.core.main.TestSuiteExecutor.accessTestSuiteMainPhase(TestSuiteExecutor.java:144)
	at com.kms.katalon.core.main.TestSuiteExecutor.execute(TestSuiteExecutor.java:106)
	at com.kms.katalon.core.main.TestCaseMain.startTestSuite(TestCaseMain.java:185)
	at com.kms.katalon.core.main.TestCaseMain$startTestSuite$0.call(Unknown Source)
	at TempTestSuite1678509631005.run(TempTestSuite1678509631005.groovy:36)
"/>
         <system-out><![CDATA[2023-03-11 11:40:35 - [TEST_CASE][FAILED] - Test Cases/SmokeTest: Test Cases/SmokeTest FAILED.
Reason:
com.kms.katalon.core.exception.StepFailedException: Feature file 'Include/features/InsertRecordBlood.feature' was failed
	at com.kms.katalon.core.keyword.internal.KeywordMain.stepFailed(KeywordMain.groovy:50)
	at com.kms.katalon.core.keyword.internal.KeywordMain.stepFailed(KeywordMain.groovy)
	at com.kms.katalon.core.keyword.internal.KeywordMain.stepFailed(KeywordMain.groovy:23)
	at com.kms.katalon.core.keyword.internal.KeywordMain$stepFailed$0.call(Unknown Source)
	at com.kms.katalon.core.cucumber.keyword.CucumberBuiltinKeywords$_runFeatureFile_closure1.doCall(CucumberBuiltinKeywords.groovy:114)
	at com.kms.katalon.core.cucumber.keyword.CucumberBuiltinKeywords$_runFeatureFile_closure1.doCall(CucumberBuiltinKeywords.groovy)
	at com.kms.katalon.core.keyword.internal.KeywordMain.runKeyword(KeywordMain.groovy:74)
	at com.kms.katalon.core.keyword.internal.KeywordMain.runKeyword(KeywordMain.groovy:68)
	at com.kms.katalon.core.keyword.internal.KeywordMain$runKeyword.call(Unknown Source)
	at com.kms.katalon.core.cucumber.keyword.CucumberBuiltinKeywords.runFeatureFile(CucumberBuiltinKeywords.groovy:75)
	at com.kms.katalon.core.cucumber.keyword.CucumberBuiltinKeywords$runFeatureFile$0.callStatic(Unknown Source)
	at com.kms.katalon.core.cucumber.keyword.CucumberBuiltinKeywords.runFeatureFile(CucumberBuiltinKeywords.groovy:248)
	at com.kms.katalon.core.cucumber.keyword.CucumberBuiltinKeywords$runFeatureFile.call(Unknown Source)
	at SmokeTest.run(SmokeTest:20)
	at com.kms.katalon.core.main.ScriptEngine.run(ScriptEngine.java:194)
	at com.kms.katalon.core.main.ScriptEngine.runScriptAsRawText(ScriptEngine.java:119)
	at com.kms.katalon.core.main.TestCaseExecutor.runScript(TestCaseExecutor.java:448)
	at com.kms.katalon.core.main.TestCaseExecutor.doExecute(TestCaseExecutor.java:439)
	at com.kms.katalon.core.main.TestCaseExecutor.processExecutionPhase(TestCaseExecutor.java:418)
	at com.kms.katalon.core.main.TestCaseExecutor.accessMainPhase(TestCaseExecutor.java:410)
	at com.kms.katalon.core.main.TestCaseExecutor.execute(TestCaseExecutor.java:285)
	at com.kms.katalon.core.common.CommonExecutor.accessTestCaseMainPhase(CommonExecutor.java:65)
	at com.kms.katalon.core.main.TestSuiteExecutor.accessTestSuiteMainPhase(TestSuiteExecutor.java:144)
	at com.kms.katalon.core.main.TestSuiteExecutor.execute(TestSuiteExecutor.java:106)
	at com.kms.katalon.core.main.TestCaseMain.startTestSuite(TestCaseMain.java:185)
	at com.kms.katalon.core.main.TestCaseMain$startTestSuite$0.call(Unknown Source)
	at TempTestSuite1678509631005.run(TempTestSuite1678509631005.groovy:36)


2023-03-11 11:40:35 - [TEST_STEP][FAILED] - runFeatureFile("Include/features/InsertRecordBlood.feature"): Keyword runFeatureFile was failed (Root cause: com.kms.katalon.core.exception.StepFailedException: Feature file 'Include/features/InsertRecordBlood.feature' was failed
	at com.kms.katalon.core.keyword.internal.KeywordMain.stepFailed(KeywordMain.groovy:50)
	at com.kms.katalon.core.keyword.internal.KeywordMain.stepFailed(KeywordMain.groovy)
	at com.kms.katalon.core.keyword.internal.KeywordMain.stepFailed(KeywordMain.groovy:23)
	at com.kms.katalon.core.keyword.internal.KeywordMain$stepFailed$0.call(Unknown Source)
	at com.kms.katalon.core.cucumber.keyword.CucumberBuiltinKeywords$_runFeatureFile_closure1.doCall(CucumberBuiltinKeywords.groovy:114)
	at com.kms.katalon.core.cucumber.keyword.CucumberBuiltinKeywords$_runFeatureFile_closure1.doCall(CucumberBuiltinKeywords.groovy)
	at com.kms.katalon.core.keyword.internal.KeywordMain.runKeyword(KeywordMain.groovy:74)
	at com.kms.katalon.core.keyword.internal.KeywordMain.runKeyword(KeywordMain.groovy:68)
	at com.kms.katalon.core.keyword.internal.KeywordMain$runKeyword.call(Unknown Source)
	at com.kms.katalon.core.cucumber.keyword.CucumberBuiltinKeywords.runFeatureFile(CucumberBuiltinKeywords.groovy:75)
	at com.kms.katalon.core.cucumber.keyword.CucumberBuiltinKeywords$runFeatureFile$0.callStatic(Unknown Source)
	at com.kms.katalon.core.cucumber.keyword.CucumberBuiltinKeywords.runFeatureFile(CucumberBuiltinKeywords.groovy:248)
	at com.kms.katalon.core.cucumber.keyword.CucumberBuiltinKeywords$runFeatureFile.call(Unknown Source)
	at SmokeTest.run(SmokeTest:20)
	at com.kms.katalon.core.main.ScriptEngine.run(ScriptEngine.java:194)
	at com.kms.katalon.core.main.ScriptEngine.runScriptAsRawText(ScriptEngine.java:119)
	at com.kms.katalon.core.main.TestCaseExecutor.runScript(TestCaseExecutor.java:448)
	at com.kms.katalon.core.main.TestCaseExecutor.doExecute(TestCaseExecutor.java:439)
	at com.kms.katalon.core.main.TestCaseExecutor.processExecutionPhase(TestCaseExecutor.java:418)
	at com.kms.katalon.core.main.TestCaseExecutor.accessMainPhase(TestCaseExecutor.java:410)
	at com.kms.katalon.core.main.TestCaseExecutor.execute(TestCaseExecutor.java:285)
	at com.kms.katalon.core.common.CommonExecutor.accessTestCaseMainPhase(CommonExecutor.java:65)
	at com.kms.katalon.core.main.TestSuiteExecutor.accessTestSuiteMainPhase(TestSuiteExecutor.java:144)
	at com.kms.katalon.core.main.TestSuiteExecutor.execute(TestSuiteExecutor.java:106)
	at com.kms.katalon.core.main.TestCaseMain.startTestSuite(TestCaseMain.java:185)
	at com.kms.katalon.core.main.TestCaseMain$startTestSuite$0.call(Unknown Source)
	at TempTestSuite1678509631005.run(TempTestSuite1678509631005.groovy:36)
)

2023-03-11 11:40:35 - [MESSAGE][INFO] - Starting run keyword runFeatureFile: 'Include/features/InsertRecordBlood.feature' and extract report to folder: 'C:\Users\MSI\git\TemanDiabetes\Reports\20230311_114029\SmokeTest\20230311_114031/cucumber_report/1678509635667'...

2023-03-11 11:40:36 - [TEST_CASE][PASSED] - Start Test Case : SCENARIO As user i want to go to Rekaman Page and verify all the section: SCENARIO As user i want to go to Rekaman Page and verify all the section

2023-03-11 11:40:36 - [TEST_STEP][PASSED] - I open default app: I open default app

2023-03-11 11:40:36 - [MESSAGE][INFO] - Detected NodeJS location: "C:\Program Files\nodejs\node.exe"

2023-03-11 11:40:38 - [MESSAGE][INFO] - Appium server started on port 53,335

2023-03-11 11:40:54 - [MESSAGE][PASSED] - Starting app with application ID: 'com.temandiabetes.android'

2023-03-11 11:40:59 - [MESSAGE][PASSED] - Delayed 5 second(s)

2023-03-11 11:40:59 - [MESSAGE][PASSED] - I open default app

2023-03-11 11:40:59 - [TEST_STEP][PASSED] - User go to Rekaman Page: User go to Rekaman Page

2023-03-11 11:41:00 - [MESSAGE][PASSED] - Tapped on element 'Object Repository/Navbar/Navbar_Rekaman'

2023-03-11 11:41:00 - [MESSAGE][PASSED] - User go to Rekaman Page

2023-03-11 11:41:00 - [TEST_STEP][PASSED] - User check the data record is there or not: User check the data record is there or not

2023-03-11 11:41:04 - [MESSAGE][PASSED] - Delayed 4 second(s)

2023-03-11 11:41:04 - [MESSAGE][PASSED] - Element 'Object Repository/RekamanPage/Graph/WithoutData/TextView_BelumAdaData' is visible

2023-03-11 11:41:04 - [MESSAGE][PASSED] - Element 'Object Repository/RekamanPage/Graph/WithoutData/TextView_SilahkanMasukanGulaDarah' is visible

2023-03-11 11:41:04 - [MESSAGE][PASSED] - User check the data record is there or not

2023-03-11 11:41:04 - [TEST_STEP][PASSED] - User Verify all the section: User Verify all the section

2023-03-11 11:41:04 - [MESSAGE][PASSED] - Element 'Object Repository/RekamanPage/Graph/Button_HistoryGulaDarah' is visible

2023-03-11 11:41:05 - [MESSAGE][PASSED] - Element 'Object Repository/RekamanPage/Graph/Button_LihatGrafik' is visible

2023-03-11 11:41:05 - [MESSAGE][PASSED] - Element 'Object Repository/RekamanPage/Graph/Button_Plus' is visible

2023-03-11 11:41:05 - [MESSAGE][PASSED] - User Verify all the section

2023-03-11 11:41:05 - [TEST_CASE][PASSED] - Start Test Case : SCENARIO As user i want to insert manually the blood record: SCENARIO As user i want to insert manually the blood record

2023-03-11 11:41:05 - [TEST_STEP][PASSED] - User in the Rekaman Page: User in the Rekaman Page

2023-03-11 11:41:05 - [MESSAGE][PASSED] - Element 'Object Repository/RekamanPage/Graph/Button_Plus' is visible

2023-03-11 11:41:05 - [MESSAGE][PASSED] - User in the Rekaman Page

2023-03-11 11:41:05 - [TEST_STEP][PASSED] - User go to insert blood and chose manual mechanism: User go to insert blood and chose manual mechanism

2023-03-11 11:41:05 - [MESSAGE][PASSED] - Tapped on element 'Object Repository/RekamanPage/Graph/Button_Plus'

2023-03-11 11:41:06 - [MESSAGE][PASSED] - Element 'Object Repository/RekamanPage/InsertBloodRecord/TextView_Manual' is visible

2023-03-11 11:41:06 - [MESSAGE][PASSED] - User go to insert blood and chose manual mechanism

2023-03-11 11:41:06 - [TEST_STEP][PASSED] - User chose manual: User chose manual

2023-03-11 11:41:06 - [MESSAGE][PASSED] - Tapped on element 'Object Repository/RekamanPage/InsertBloodRecord/TextView_Manual'

2023-03-11 11:41:06 - [MESSAGE][PASSED] - User chose manual

2023-03-11 11:41:06 - [TEST_STEP][PASSED] - User redirect input page: User redirect input page

2023-03-11 11:41:08 - [MESSAGE][PASSED] - Element 'Object Repository/RekamanPage/InsertSugarBlood/TextView_InputGulaDarah' is visible

2023-03-11 11:41:08 - [MESSAGE][PASSED] - User redirect input page

2023-03-11 11:41:08 - [TEST_CASE][PASSED] - Start Test Case : SCENARIO As user i want to verify all the section insert sugar blood: SCENARIO As user i want to verify all the section insert sugar blood

2023-03-11 11:41:08 - [TEST_STEP][PASSED] - User in input darah page: User in input darah page

2023-03-11 11:41:08 - [MESSAGE][PASSED] - Element 'Object Repository/RekamanPage/InsertSugarBlood/TextView_InputGulaDarah' is visible

2023-03-11 11:41:08 - [MESSAGE][PASSED] - User in input darah page

2023-03-11 11:41:08 - [TEST_STEP][PASSED] - User want to see the whole section: User want to see the whole section

2023-03-11 11:41:08 - [MESSAGE][PASSED] - Element 'Object Repository/RekamanPage/InsertSugarBlood/TextView_InputGulaDarah' is visible

2023-03-11 11:41:10 - [MESSAGE][PASSED] - Element 'Object Repository/RekamanPage/InsertSugarBlood/TextView_GulaDarah' is visible

2023-03-11 11:41:10 - [MESSAGE][PASSED] - Element 'Object Repository/RekamanPage/InsertSugarBlood/TextView_JenisPemeriksaanGulaDarah' is visible

2023-03-11 11:41:10 - [MESSAGE][PASSED] - Element 'Object Repository/RekamanPage/InsertSugarBlood/TextView_MasukanTanggal' is visible

2023-03-11 11:41:11 - [MESSAGE][PASSED] - Element 'Object Repository/RekamanPage/InsertSugarBlood/TextView_MasukanWaktu' is visible

2023-03-11 11:41:11 - [MESSAGE][PASSED] - Element 'Object Repository/RekamanPage/InsertSugarBlood/Button_Date' is visible

2023-03-11 11:41:12 - [MESSAGE][PASSED] - Element 'Object Repository/RekamanPage/InsertSugarBlood/Button_InputWaktu' is visible

2023-03-11 11:41:12 - [MESSAGE][PASSED] - Element 'Object Repository/RekamanPage/InsertSugarBlood/Button_PilihJenisGulaDarah' is visible

2023-03-11 11:41:12 - [MESSAGE][PASSED] - Element 'Object Repository/RekamanPage/InsertSugarBlood/Button_Selesai' is visible

2023-03-11 11:41:12 - [MESSAGE][PASSED] - User want to see the whole section

2023-03-11 11:41:12 - [TEST_STEP][PASSED] - User can easly fill the field: User can easly fill the field

2023-03-11 11:41:12 - [MESSAGE][PASSED] - Tapped on element 'Object Repository/RekamanPage/InsertSugarBlood/Button_PilihJenisGulaDarah'

2023-03-11 11:41:14 - [MESSAGE][PASSED] - Press back button successfully

2023-03-11 11:41:14 - [MESSAGE][PASSED] - User can easly fill the field

2023-03-11 11:41:14 - [TEST_CASE][PASSED] - Start Test Case : SCENARIO As user i want to save the page without fill any field: SCENARIO As user i want to save the page without fill any field

2023-03-11 11:41:14 - [TEST_STEP][PASSED] - User in input darah page: User in input darah page

2023-03-11 11:41:14 - [MESSAGE][PASSED] - Element 'Object Repository/RekamanPage/InsertSugarBlood/TextView_InputGulaDarah' is visible

2023-03-11 11:41:14 - [MESSAGE][PASSED] - User in input darah page

2023-03-11 11:41:14 - [TEST_STEP][PASSED] - User didn't fill any field and save it: User didn't fill any field and save it

2023-03-11 11:41:14 - [MESSAGE][PASSED] - Element 'Object Repository/RekamanPage/InsertSugarBlood/TextView_InputGulaDarah' is visible

2023-03-11 11:41:15 - [MESSAGE][PASSED] - Tapped on element 'Object Repository/RekamanPage/InsertSugarBlood/Button_Selesai'

2023-03-11 11:41:15 - [MESSAGE][PASSED] - User didn't fill any field and save it

2023-03-11 11:41:15 - [TEST_STEP][PASSED] - System will throw alert handling: System will throw alert handling

2023-03-11 11:41:17 - [MESSAGE][PASSED] - Element 'Object Repository/RekamanPage/InsertSugarBlood/Alert_Handling/TextView_Alert' is visible

2023-03-11 11:41:18 - [MESSAGE][PASSED] - Element 'Object Repository/RekamanPage/InsertSugarBlood/Alert_Handling/TextView_Handling_1' is visible

2023-03-11 11:41:18 - [MESSAGE][PASSED] - System will throw alert handling

2023-03-11 11:41:18 - [TEST_STEP][PASSED] - I press OK: I press OK

2023-03-11 11:41:18 - [MESSAGE][PASSED] - Tapped on element 'Object Repository/RekamanPage/InsertSugarBlood/Alert_Handling/Button_OK'

2023-03-11 11:41:18 - [MESSAGE][PASSED] - I press OK

2023-03-11 11:41:18 - [TEST_CASE][PASSED] - Start Test Case : SCENARIO As user just fill jenis pemeriksaan darah then save it: SCENARIO As user just fill jenis pemeriksaan darah then save it

2023-03-11 11:41:18 - [TEST_STEP][PASSED] - User in input darah page: User in input darah page

2023-03-11 11:41:21 - [MESSAGE][PASSED] - Element 'Object Repository/RekamanPage/InsertSugarBlood/TextView_InputGulaDarah' is visible

2023-03-11 11:41:21 - [MESSAGE][PASSED] - User in input darah page

2023-03-11 11:41:21 - [TEST_STEP][PASSED] - User just fill pemeriksaan darah: User just fill pemeriksaan darah

2023-03-11 11:41:21 - [MESSAGE][PASSED] - Tapped on element 'Object Repository/RekamanPage/InsertSugarBlood/Button_PilihJenisGulaDarah'

2023-03-11 11:41:25 - [MESSAGE][PASSED] - Tapped on element 'Object Repository/RekamanPage/InsertSugarBlood/JenisGulaDarah/TextView_BangunTidur'

2023-03-11 11:41:26 - [MESSAGE][PASSED] - Tapped on element 'Object Repository/RekamanPage/InsertSugarBlood/Button_Selesai'

2023-03-11 11:41:26 - [MESSAGE][PASSED] - User just fill pemeriksaan darah

2023-03-11 11:41:26 - [TEST_STEP][PASSED] - System will throw alert handling: System will throw alert handling

2023-03-11 11:41:27 - [MESSAGE][PASSED] - Element 'Object Repository/RekamanPage/InsertSugarBlood/Alert_Handling/TextView_Alert' is visible

2023-03-11 11:41:37 - [MESSAGE][WARNING] - Element 'Object Repository/RekamanPage/InsertSugarBlood/Alert_Handling/TextView_Handling_1' not found

2023-03-11 11:41:37 - [MESSAGE][PASSED] - System will throw alert handling

2023-03-11 11:41:37 - [TEST_STEP][PASSED] - I press OK: I press OK

2023-03-11 11:41:38 - [MESSAGE][PASSED] - Tapped on element 'Object Repository/RekamanPage/InsertSugarBlood/Alert_Handling/Button_OK'

2023-03-11 11:41:38 - [MESSAGE][PASSED] - I press OK

2023-03-11 11:41:38 - [TEST_CASE][PASSED] - Start Test Case : SCENARIO As user just fill jenis pemeriksaan darah and time then save it: SCENARIO As user just fill jenis pemeriksaan darah and time then save it

2023-03-11 11:41:38 - [TEST_STEP][PASSED] - User in input darah page: User in input darah page

2023-03-11 11:41:39 - [MESSAGE][PASSED] - Element 'Object Repository/RekamanPage/InsertSugarBlood/TextView_InputGulaDarah' is visible

2023-03-11 11:41:39 - [MESSAGE][PASSED] - User in input darah page

2023-03-11 11:41:39 - [TEST_STEP][PASSED] - User fill time: User fill time

2023-03-11 11:41:40 - [MESSAGE][PASSED] - Tapped on element 'Object Repository/RekamanPage/InsertSugarBlood/Button_InputWaktu'

2023-03-11 11:41:44 - [MESSAGE][PASSED] - Tapped on element 'Object Repository/RekamanPage/InsertSugarBlood/InputWaktu/Button_Konfirmasi'

2023-03-11 11:41:46 - [MESSAGE][PASSED] - Tapped on element 'Object Repository/RekamanPage/InsertSugarBlood/Button_Selesai'

2023-03-11 11:41:46 - [MESSAGE][PASSED] - User fill time

2023-03-11 11:41:46 - [TEST_STEP][PASSED] - System will throw alert handling: System will throw alert handling

2023-03-11 11:41:46 - [MESSAGE][PASSED] - Element 'Object Repository/RekamanPage/InsertSugarBlood/Alert_Handling/TextView_Alert' is visible

2023-03-11 11:41:56 - [MESSAGE][WARNING] - Element 'Object Repository/RekamanPage/InsertSugarBlood/Alert_Handling/TextView_Handling_1' not found

2023-03-11 11:41:56 - [MESSAGE][PASSED] - System will throw alert handling

2023-03-11 11:41:56 - [TEST_STEP][PASSED] - I press OK: I press OK

2023-03-11 11:41:56 - [MESSAGE][PASSED] - Tapped on element 'Object Repository/RekamanPage/InsertSugarBlood/Alert_Handling/Button_OK'

2023-03-11 11:41:56 - [MESSAGE][PASSED] - I press OK

2023-03-11 11:41:56 - [TEST_CASE][PASSED] - Start Test Case : SCENARIO As user just fill jenis pemeriksaan darah, time and sugar blood then save it: SCENARIO As user just fill jenis pemeriksaan darah, time and sugar blood then save it

2023-03-11 11:41:56 - [TEST_STEP][PASSED] - User in input darah page: User in input darah page

2023-03-11 11:41:57 - [MESSAGE][PASSED] - Element 'Object Repository/RekamanPage/InsertSugarBlood/TextView_InputGulaDarah' is visible

2023-03-11 11:41:57 - [MESSAGE][PASSED] - User in input darah page

2023-03-11 11:41:57 - [TEST_STEP][PASSED] - User fill sugar blood: User fill sugar blood

2023-03-11 11:41:58 - [MESSAGE][PASSED] - Tapped on element 'Object Repository/RekamanPage/InsertSugarBlood/TextField_GulaDarah'

2023-03-11 11:42:00 - [MESSAGE][PASSED] - Text '2000' has been set to element 'Object Repository/RekamanPage/InsertSugarBlood/TextField_GulaDarah'

2023-03-11 11:42:02 - [MESSAGE][PASSED] - Keyboard is hidden

2023-03-11 11:42:03 - [MESSAGE][PASSED] - Tapped on element 'Object Repository/RekamanPage/InsertSugarBlood/Button_Selesai'

2023-03-11 11:42:03 - [MESSAGE][PASSED] - User fill sugar blood

2023-03-11 11:42:03 - [TEST_STEP][PASSED] - System will throw alert handling: System will throw alert handling

2023-03-11 11:42:03 - [MESSAGE][PASSED] - Element 'Object Repository/RekamanPage/InsertSugarBlood/Alert_Handling/TextView_Alert' is visible

2023-03-11 11:42:13 - [MESSAGE][WARNING] - Element 'Object Repository/RekamanPage/InsertSugarBlood/Alert_Handling/TextView_Handling_1' not found

2023-03-11 11:42:13 - [MESSAGE][PASSED] - System will throw alert handling

2023-03-11 11:42:13 - [TEST_STEP][PASSED] - I press OK: I press OK

2023-03-11 11:42:14 - [MESSAGE][PASSED] - Tapped on element 'Object Repository/RekamanPage/InsertSugarBlood/Alert_Handling/Button_OK'

2023-03-11 11:42:14 - [MESSAGE][PASSED] - I press OK

2023-03-11 11:42:14 - [TEST_CASE][PASSED] - Start Test Case : SCENARIO As user just fill jenis pemeriksaan darah, time, sugar blood and makan malam then save it: SCENARIO As user just fill jenis pemeriksaan darah, time, sugar blood and makan malam then save it

2023-03-11 11:42:14 - [TEST_STEP][PASSED] - User in input darah page: User in input darah page

2023-03-11 11:42:14 - [MESSAGE][PASSED] - Element 'Object Repository/RekamanPage/InsertSugarBlood/TextView_InputGulaDarah' is visible

2023-03-11 11:42:14 - [MESSAGE][PASSED] - User in input darah page

2023-03-11 11:42:14 - [TEST_STEP][PASSED] - User fill makan malam: User fill makan malam

2023-03-11 11:42:15 - [MESSAGE][PASSED] - Tapped on element 'Object Repository/RekamanPage/InsertSugarBlood/ExtraField/BangunTidur_TextField_ApaMakanMalamAnda'

2023-03-11 11:42:18 - [MESSAGE][PASSED] - Text 'Ini adalah testing automation' has been set to element 'Object Repository/RekamanPage/InsertSugarBlood/ExtraField/BangunTidur_TextField_ApaMakanMalamAnda'

2023-03-11 11:42:19 - [MESSAGE][PASSED] - Keyboard is hidden

2023-03-11 11:42:19 - [MESSAGE][PASSED] - Tapped on element 'Object Repository/RekamanPage/InsertSugarBlood/Button_Selesai'

2023-03-11 11:42:19 - [MESSAGE][PASSED] - User fill makan malam

2023-03-11 11:42:19 - [TEST_STEP][PASSED] - System will throw alert handling: System will throw alert handling

2023-03-11 11:42:20 - [MESSAGE][PASSED] - Element 'Object Repository/RekamanPage/InsertSugarBlood/Alert_Handling/TextView_Alert' is visible

2023-03-11 11:42:30 - [MESSAGE][WARNING] - Element 'Object Repository/RekamanPage/InsertSugarBlood/Alert_Handling/TextView_Handling_1' not found

2023-03-11 11:42:30 - [MESSAGE][PASSED] - System will throw alert handling

2023-03-11 11:42:30 - [TEST_STEP][PASSED] - I press OK: I press OK

2023-03-11 11:42:30 - [MESSAGE][PASSED] - Tapped on element 'Object Repository/RekamanPage/InsertSugarBlood/Alert_Handling/Button_OK'

2023-03-11 11:42:30 - [MESSAGE][PASSED] - I press OK

2023-03-11 11:42:30 - [TEST_CASE][FAILED] - Start Test Case : SCENARIO As user i fill everything on the all section and save it: SCENARIO As user i fill everything on the all section and save it FAILED.
Reason:
com.kms.katalon.core.exception.StepFailedException: Object Object Repository/RekamanPage/InsertSugarBlood/Alert_Handling/Button_OK not found
	at com.kms.katalon.core.keyword.internal.KeywordMain.stepFailed(KeywordMain.groovy:50)
	at com.kms.katalon.core.mobile.keyword.internal.MobileKeywordMain.stepFailed(MobileKeywordMain.groovy:40)
	at com.kms.katalon.core.mobile.keyword.builtin.TapKeyword$_tap_closure1.doCall(TapKeyword.groovy:79)
	at com.kms.katalon.core.mobile.keyword.builtin.TapKeyword$_tap_closure1.call(TapKeyword.groovy)
	at com.kms.katalon.core.mobile.keyword.internal.MobileKeywordMain.runKeyword(MobileKeywordMain.groovy:21)
	at com.kms.katalon.core.mobile.keyword.builtin.TapKeyword.tap(TapKeyword.groovy:84)
	at com.kms.katalon.core.mobile.keyword.builtin.TapKeyword.execute(TapKeyword.groovy:68)
	at com.kms.katalon.core.keyword.internal.KeywordExecutor.executeKeywordForPlatform(KeywordExecutor.groovy:74)
	at com.kms.katalon.core.mobile.keyword.MobileBuiltInKeywords.tap(MobileBuiltInKeywords.groovy:1490)
	at com.kms.katalon.core.mobile.keyword.MobileBuiltInKeywords$tap$0.call(Unknown Source)
	at Script.I_press_OK(Script.groovy:388)
	at ✽.I press OK(C:/Users/MSI/git/TemanDiabetes/Include/features/InsertRecordBlood.feature:65)


2023-03-11 11:42:30 - [TEST_STEP][PASSED] - User in input darah page: User in input darah page

2023-03-11 11:42:31 - [MESSAGE][PASSED] - Element 'Object Repository/RekamanPage/InsertSugarBlood/TextView_InputGulaDarah' is visible

2023-03-11 11:42:31 - [MESSAGE][PASSED] - User in input darah page

2023-03-11 11:42:31 - [TEST_STEP][PASSED] - User fill snack malam: User fill snack malam

2023-03-11 11:42:32 - [MESSAGE][PASSED] - Swiped from 63,1,152 to 63,1,154

2023-03-11 11:42:35 - [MESSAGE][PASSED] - Delayed 3 second(s)

2023-03-11 11:42:36 - [MESSAGE][PASSED] - Tapped on element 'Object Repository/RekamanPage/InsertSugarBlood/ExtraField/BangunTidur_TextField_ApaSnackMalamAnda'

2023-03-11 11:42:37 - [MESSAGE][PASSED] - Text 'Ini adalah testing automation' has been set to element 'Object Repository/RekamanPage/InsertSugarBlood/ExtraField/BangunTidur_TextField_ApaSnackMalamAnda'

2023-03-11 11:42:38 - [MESSAGE][PASSED] - Keyboard is hidden

2023-03-11 11:42:39 - [MESSAGE][PASSED] - Tapped on element 'Object Repository/RekamanPage/InsertSugarBlood/Button_Selesai'

2023-03-11 11:42:39 - [MESSAGE][PASSED] - User fill snack malam

2023-03-11 11:42:39 - [TEST_STEP][PASSED] - User verify the data is valid or not: User verify the data is valid or not

2023-03-11 11:42:40 - [MESSAGE][PASSED] - Element 'Object Repository/RekamanPage/InsertSugarBlood/PopUpVerify/TextView_Verify_GulaDarah' is visible

2023-03-11 11:42:40 - [MESSAGE][PASSED] - Element 'Object Repository/RekamanPage/InsertSugarBlood/PopUpVerify/TextView_Verify_MakanMalam' is visible

2023-03-11 11:42:40 - [MESSAGE][PASSED] - Element 'Object Repository/RekamanPage/InsertSugarBlood/PopUpVerify/TextView_Verify_SnackMalam' is visible

2023-03-11 11:42:40 - [MESSAGE][PASSED] - Element 'Object Repository/RekamanPage/InsertSugarBlood/PopUpVerify/TextView_Verify_Tanggal' is visible

2023-03-11 11:42:40 - [MESSAGE][PASSED] - Element 'Object Repository/RekamanPage/InsertSugarBlood/PopUpVerify/TextView_Verify_Waktu' is visible

2023-03-11 11:42:40 - [MESSAGE][PASSED] - Tapped on element 'Object Repository/RekamanPage/InsertSugarBlood/PopUpVerify/Button_YaBenar'

2023-03-11 11:42:40 - [MESSAGE][PASSED] - User verify the data is valid or not

2023-03-11 11:42:40 - [TEST_STEP][FAILED] - I press OK: I press OK FAILED.
Reason:
com.kms.katalon.core.exception.StepFailedException: Object Object Repository/RekamanPage/InsertSugarBlood/Alert_Handling/Button_OK not found
	at com.kms.katalon.core.keyword.internal.KeywordMain.stepFailed(KeywordMain.groovy:50)
	at com.kms.katalon.core.mobile.keyword.internal.MobileKeywordMain.stepFailed(MobileKeywordMain.groovy:40)
	at com.kms.katalon.core.mobile.keyword.builtin.TapKeyword$_tap_closure1.doCall(TapKeyword.groovy:79)
	at com.kms.katalon.core.mobile.keyword.builtin.TapKeyword$_tap_closure1.call(TapKeyword.groovy)
	at com.kms.katalon.core.mobile.keyword.internal.MobileKeywordMain.runKeyword(MobileKeywordMain.groovy:21)
	at com.kms.katalon.core.mobile.keyword.builtin.TapKeyword.tap(TapKeyword.groovy:84)
	at com.kms.katalon.core.mobile.keyword.builtin.TapKeyword.execute(TapKeyword.groovy:68)
	at com.kms.katalon.core.keyword.internal.KeywordExecutor.executeKeywordForPlatform(KeywordExecutor.groovy:74)
	at com.kms.katalon.core.mobile.keyword.MobileBuiltInKeywords.tap(MobileBuiltInKeywords.groovy:1490)
	at com.kms.katalon.core.mobile.keyword.MobileBuiltInKeywords$tap$0.call(Unknown Source)
	at Script.I_press_OK(Script.groovy:388)
	at ✽.I press OK(C:/Users/MSI/git/TemanDiabetes/Include/features/InsertRecordBlood.feature:65)


2023-03-11 11:42:50 - [MESSAGE][FAILED] - Object Object Repository/RekamanPage/InsertSugarBlood/Alert_Handling/Button_OK not found

2023-03-11 11:42:51 - [MESSAGE][FAILED] - Failed to tap on element 'Object Repository/RekamanPage/InsertSugarBlood/Alert_Handling/Button_OK' (Root cause: com.kms.katalon.core.exception.StepFailedException: Object Object Repository/RekamanPage/InsertSugarBlood/Alert_Handling/Button_OK not found
	at com.kms.katalon.core.keyword.internal.KeywordMain.stepFailed(KeywordMain.groovy:50)
	at com.kms.katalon.core.mobile.keyword.internal.MobileKeywordMain.stepFailed(MobileKeywordMain.groovy:40)
	at com.kms.katalon.core.mobile.keyword.builtin.TapKeyword$_tap_closure1.doCall(TapKeyword.groovy:79)
	at com.kms.katalon.core.mobile.keyword.builtin.TapKeyword$_tap_closure1.call(TapKeyword.groovy)
	at com.kms.katalon.core.mobile.keyword.internal.MobileKeywordMain.runKeyword(MobileKeywordMain.groovy:21)
	at com.kms.katalon.core.mobile.keyword.builtin.TapKeyword.tap(TapKeyword.groovy:84)
	at com.kms.katalon.core.mobile.keyword.builtin.TapKeyword.execute(TapKeyword.groovy:68)
	at com.kms.katalon.core.keyword.internal.KeywordExecutor.executeKeywordForPlatform(KeywordExecutor.groovy:74)
	at com.kms.katalon.core.mobile.keyword.MobileBuiltInKeywords.tap(MobileBuiltInKeywords.groovy:1490)
	at com.kms.katalon.core.mobile.keyword.MobileBuiltInKeywords$tap$0.call(Unknown Source)
	at Script.I_press_OK(Script.groovy:388)
	at cucumber.runtime.Utils$1.call(Utils.java:26)
	at cucumber.runtime.Timeout.timeout(Timeout.java:16)
	at cucumber.runtime.Utils.invoke(Utils.java:20)
	at cucumber.runtime.java.JavaStepDefinition.execute(JavaStepDefinition.java:48)
	at cucumber.runtime.PickleStepDefinitionMatch.runStep(PickleStepDefinitionMatch.java:50)
	at cucumber.runner.TestStep.executeStep(TestStep.java:68)
	at cucumber.runner.TestStep.run(TestStep.java:50)
	at cucumber.runner.PickleStepTestStep.run(PickleStepTestStep.java:53)
	at cucumber.runner.TestCase.run(TestCase.java:47)
	at cucumber.runner.Runner.runPickle(Runner.java:44)
	at cucumber.runtime.Runtime.runFeature(Runtime.java:120)
	at cucumber.runtime.Runtime.run(Runtime.java:106)
	at cucumber.api.cli.Main.run(Main.java:35)
	at cucumber.api.cli.Main$run.call(Unknown Source)
	at com.kms.katalon.core.cucumber.keyword.CucumberBuiltinKeywords$_runFeatureFile_closure1.doCall(CucumberBuiltinKeywords.groovy:108)
	at com.kms.katalon.core.cucumber.keyword.CucumberBuiltinKeywords$_runFeatureFile_closure1.doCall(CucumberBuiltinKeywords.groovy)
	at com.kms.katalon.core.keyword.internal.KeywordMain.runKeyword(KeywordMain.groovy:74)
	at com.kms.katalon.core.keyword.internal.KeywordMain.runKeyword(KeywordMain.groovy:68)
	at com.kms.katalon.core.keyword.internal.KeywordMain$runKeyword.call(Unknown Source)
	at com.kms.katalon.core.cucumber.keyword.CucumberBuiltinKeywords.runFeatureFile(CucumberBuiltinKeywords.groovy:75)
	at com.kms.katalon.core.cucumber.keyword.CucumberBuiltinKeywords$runFeatureFile$0.callStatic(Unknown Source)
	at com.kms.katalon.core.cucumber.keyword.CucumberBuiltinKeywords.runFeatureFile(CucumberBuiltinKeywords.groovy:248)
	at com.kms.katalon.core.cucumber.keyword.CucumberBuiltinKeywords$runFeatureFile.call(Unknown Source)
	at SmokeTest.run(SmokeTest:20)
	at com.kms.katalon.core.main.ScriptEngine.run(ScriptEngine.java:194)
	at com.kms.katalon.core.main.ScriptEngine.runScriptAsRawText(ScriptEngine.java:119)
	at com.kms.katalon.core.main.TestCaseExecutor.runScript(TestCaseExecutor.java:448)
	at com.kms.katalon.core.main.TestCaseExecutor.doExecute(TestCaseExecutor.java:439)
	at com.kms.katalon.core.main.TestCaseExecutor.processExecutionPhase(TestCaseExecutor.java:418)
	at com.kms.katalon.core.main.TestCaseExecutor.accessMainPhase(TestCaseExecutor.java:410)
	at com.kms.katalon.core.main.TestCaseExecutor.execute(TestCaseExecutor.java:285)
	at com.kms.katalon.core.common.CommonExecutor.accessTestCaseMainPhase(CommonExecutor.java:65)
	at com.kms.katalon.core.main.TestSuiteExecutor.accessTestSuiteMainPhase(TestSuiteExecutor.java:144)
	at com.kms.katalon.core.main.TestSuiteExecutor.execute(TestSuiteExecutor.java:106)
	at com.kms.katalon.core.main.TestCaseMain.startTestSuite(TestCaseMain.java:185)
	at com.kms.katalon.core.main.TestCaseMain$startTestSuite$0.call(Unknown Source)
	at TempTestSuite1678509631005.run(TempTestSuite1678509631005.groovy:36)
)
[[ATTACHMENT|C:\\Users\\MSI\\git\\TemanDiabetes\\Reports\\20230311_114029\\SmokeTest\\20230311_114031\\1678509770702.png]]

2023-03-11 11:42:51 - [MESSAGE][FAILED] - I press OK FAILED.
Reason:
com.kms.katalon.core.exception.StepFailedException: Object Object Repository/RekamanPage/InsertSugarBlood/Alert_Handling/Button_OK not found
	at com.kms.katalon.core.keyword.internal.KeywordMain.stepFailed(KeywordMain.groovy:50)
	at com.kms.katalon.core.mobile.keyword.internal.MobileKeywordMain.stepFailed(MobileKeywordMain.groovy:40)
	at com.kms.katalon.core.mobile.keyword.builtin.TapKeyword$_tap_closure1.doCall(TapKeyword.groovy:79)
	at com.kms.katalon.core.mobile.keyword.builtin.TapKeyword$_tap_closure1.call(TapKeyword.groovy)
	at com.kms.katalon.core.mobile.keyword.internal.MobileKeywordMain.runKeyword(MobileKeywordMain.groovy:21)
	at com.kms.katalon.core.mobile.keyword.builtin.TapKeyword.tap(TapKeyword.groovy:84)
	at com.kms.katalon.core.mobile.keyword.builtin.TapKeyword.execute(TapKeyword.groovy:68)
	at com.kms.katalon.core.keyword.internal.KeywordExecutor.executeKeywordForPlatform(KeywordExecutor.groovy:74)
	at com.kms.katalon.core.mobile.keyword.MobileBuiltInKeywords.tap(MobileBuiltInKeywords.groovy:1490)
	at com.kms.katalon.core.mobile.keyword.MobileBuiltInKeywords$tap$0.call(Unknown Source)
	at Script.I_press_OK(Script.groovy:388)
	at ✽.I press OK(C:/Users/MSI/git/TemanDiabetes/Include/features/InsertRecordBlood.feature:65)


2023-03-11 11:42:51 - [MESSAGE][FAILED] - Feature file 'Include/features/InsertRecordBlood.feature' was failed

2023-03-11 11:42:51 - [MESSAGE][FAILED] - Keyword runFeatureFile was failed (Root cause: com.kms.katalon.core.exception.StepFailedException: Feature file 'Include/features/InsertRecordBlood.feature' was failed
	at com.kms.katalon.core.keyword.internal.KeywordMain.stepFailed(KeywordMain.groovy:50)
	at com.kms.katalon.core.keyword.internal.KeywordMain.stepFailed(KeywordMain.groovy)
	at com.kms.katalon.core.keyword.internal.KeywordMain.stepFailed(KeywordMain.groovy:23)
	at com.kms.katalon.core.keyword.internal.KeywordMain$stepFailed$0.call(Unknown Source)
	at com.kms.katalon.core.cucumber.keyword.CucumberBuiltinKeywords$_runFeatureFile_closure1.doCall(CucumberBuiltinKeywords.groovy:114)
	at com.kms.katalon.core.cucumber.keyword.CucumberBuiltinKeywords$_runFeatureFile_closure1.doCall(CucumberBuiltinKeywords.groovy)
	at com.kms.katalon.core.keyword.internal.KeywordMain.runKeyword(KeywordMain.groovy:74)
	at com.kms.katalon.core.keyword.internal.KeywordMain.runKeyword(KeywordMain.groovy:68)
	at com.kms.katalon.core.keyword.internal.KeywordMain$runKeyword.call(Unknown Source)
	at com.kms.katalon.core.cucumber.keyword.CucumberBuiltinKeywords.runFeatureFile(CucumberBuiltinKeywords.groovy:75)
	at com.kms.katalon.core.cucumber.keyword.CucumberBuiltinKeywords$runFeatureFile$0.callStatic(Unknown Source)
	at com.kms.katalon.core.cucumber.keyword.CucumberBuiltinKeywords.runFeatureFile(CucumberBuiltinKeywords.groovy:248)
	at com.kms.katalon.core.cucumber.keyword.CucumberBuiltinKeywords$runFeatureFile.call(Unknown Source)
	at SmokeTest.run(SmokeTest:20)
	at com.kms.katalon.core.main.ScriptEngine.run(ScriptEngine.java:194)
	at com.kms.katalon.core.main.ScriptEngine.runScriptAsRawText(ScriptEngine.java:119)
	at com.kms.katalon.core.main.TestCaseExecutor.runScript(TestCaseExecutor.java:448)
	at com.kms.katalon.core.main.TestCaseExecutor.doExecute(TestCaseExecutor.java:439)
	at com.kms.katalon.core.main.TestCaseExecutor.processExecutionPhase(TestCaseExecutor.java:418)
	at com.kms.katalon.core.main.TestCaseExecutor.accessMainPhase(TestCaseExecutor.java:410)
	at com.kms.katalon.core.main.TestCaseExecutor.execute(TestCaseExecutor.java:285)
	at com.kms.katalon.core.common.CommonExecutor.accessTestCaseMainPhase(CommonExecutor.java:65)
	at com.kms.katalon.core.main.TestSuiteExecutor.accessTestSuiteMainPhase(TestSuiteExecutor.java:144)
	at com.kms.katalon.core.main.TestSuiteExecutor.execute(TestSuiteExecutor.java:106)
	at com.kms.katalon.core.main.TestCaseMain.startTestSuite(TestCaseMain.java:185)
	at com.kms.katalon.core.main.TestCaseMain$startTestSuite$0.call(Unknown Source)
	at TempTestSuite1678509631005.run(TempTestSuite1678509631005.groovy:36)
)]]></system-out>
         <system-err><![CDATA[2023-03-11 11:40:35 - [TEST_CASE][FAILED] - Test Cases/SmokeTest: Test Cases/SmokeTest FAILED.
Reason:
com.kms.katalon.core.exception.StepFailedException: Feature file 'Include/features/InsertRecordBlood.feature' was failed
	at com.kms.katalon.core.keyword.internal.KeywordMain.stepFailed(KeywordMain.groovy:50)
	at com.kms.katalon.core.keyword.internal.KeywordMain.stepFailed(KeywordMain.groovy)
	at com.kms.katalon.core.keyword.internal.KeywordMain.stepFailed(KeywordMain.groovy:23)
	at com.kms.katalon.core.keyword.internal.KeywordMain$stepFailed$0.call(Unknown Source)
	at com.kms.katalon.core.cucumber.keyword.CucumberBuiltinKeywords$_runFeatureFile_closure1.doCall(CucumberBuiltinKeywords.groovy:114)
	at com.kms.katalon.core.cucumber.keyword.CucumberBuiltinKeywords$_runFeatureFile_closure1.doCall(CucumberBuiltinKeywords.groovy)
	at com.kms.katalon.core.keyword.internal.KeywordMain.runKeyword(KeywordMain.groovy:74)
	at com.kms.katalon.core.keyword.internal.KeywordMain.runKeyword(KeywordMain.groovy:68)
	at com.kms.katalon.core.keyword.internal.KeywordMain$runKeyword.call(Unknown Source)
	at com.kms.katalon.core.cucumber.keyword.CucumberBuiltinKeywords.runFeatureFile(CucumberBuiltinKeywords.groovy:75)
	at com.kms.katalon.core.cucumber.keyword.CucumberBuiltinKeywords$runFeatureFile$0.callStatic(Unknown Source)
	at com.kms.katalon.core.cucumber.keyword.CucumberBuiltinKeywords.runFeatureFile(CucumberBuiltinKeywords.groovy:248)
	at com.kms.katalon.core.cucumber.keyword.CucumberBuiltinKeywords$runFeatureFile.call(Unknown Source)
	at SmokeTest.run(SmokeTest:20)
	at com.kms.katalon.core.main.ScriptEngine.run(ScriptEngine.java:194)
	at com.kms.katalon.core.main.ScriptEngine.runScriptAsRawText(ScriptEngine.java:119)
	at com.kms.katalon.core.main.TestCaseExecutor.runScript(TestCaseExecutor.java:448)
	at com.kms.katalon.core.main.TestCaseExecutor.doExecute(TestCaseExecutor.java:439)
	at com.kms.katalon.core.main.TestCaseExecutor.processExecutionPhase(TestCaseExecutor.java:418)
	at com.kms.katalon.core.main.TestCaseExecutor.accessMainPhase(TestCaseExecutor.java:410)
	at com.kms.katalon.core.main.TestCaseExecutor.execute(TestCaseExecutor.java:285)
	at com.kms.katalon.core.common.CommonExecutor.accessTestCaseMainPhase(CommonExecutor.java:65)
	at com.kms.katalon.core.main.TestSuiteExecutor.accessTestSuiteMainPhase(TestSuiteExecutor.java:144)
	at com.kms.katalon.core.main.TestSuiteExecutor.execute(TestSuiteExecutor.java:106)
	at com.kms.katalon.core.main.TestCaseMain.startTestSuite(TestCaseMain.java:185)
	at com.kms.katalon.core.main.TestCaseMain$startTestSuite$0.call(Unknown Source)
	at TempTestSuite1678509631005.run(TempTestSuite1678509631005.groovy:36)]]></system-err>
      </testcase>
      <system-out><![CDATA[2023-03-11 11:40:35 - [TEST_SUITE][FAILED] - SmokeTest: Test Cases/SmokeTest FAILED.
Reason:
com.kms.katalon.core.exception.StepFailedException: Feature file 'Include/features/InsertRecordBlood.feature' was failed
	at com.kms.katalon.core.keyword.internal.KeywordMain.stepFailed(KeywordMain.groovy:50)
	at com.kms.katalon.core.keyword.internal.KeywordMain.stepFailed(KeywordMain.groovy)
	at com.kms.katalon.core.keyword.internal.KeywordMain.stepFailed(KeywordMain.groovy:23)
	at com.kms.katalon.core.keyword.internal.KeywordMain$stepFailed$0.call(Unknown Source)
	at com.kms.katalon.core.cucumber.keyword.CucumberBuiltinKeywords$_runFeatureFile_closure1.doCall(CucumberBuiltinKeywords.groovy:114)
	at com.kms.katalon.core.cucumber.keyword.CucumberBuiltinKeywords$_runFeatureFile_closure1.doCall(CucumberBuiltinKeywords.groovy)
	at com.kms.katalon.core.keyword.internal.KeywordMain.runKeyword(KeywordMain.groovy:74)
	at com.kms.katalon.core.keyword.internal.KeywordMain.runKeyword(KeywordMain.groovy:68)
	at com.kms.katalon.core.keyword.internal.KeywordMain$runKeyword.call(Unknown Source)
	at com.kms.katalon.core.cucumber.keyword.CucumberBuiltinKeywords.runFeatureFile(CucumberBuiltinKeywords.groovy:75)
	at com.kms.katalon.core.cucumber.keyword.CucumberBuiltinKeywords$runFeatureFile$0.callStatic(Unknown Source)
	at com.kms.katalon.core.cucumber.keyword.CucumberBuiltinKeywords.runFeatureFile(CucumberBuiltinKeywords.groovy:248)
	at com.kms.katalon.core.cucumber.keyword.CucumberBuiltinKeywords$runFeatureFile.call(Unknown Source)
	at SmokeTest.run(SmokeTest:20)
	at com.kms.katalon.core.main.ScriptEngine.run(ScriptEngine.java:194)
	at com.kms.katalon.core.main.ScriptEngine.runScriptAsRawText(ScriptEngine.java:119)
	at com.kms.katalon.core.main.TestCaseExecutor.runScript(TestCaseExecutor.java:448)
	at com.kms.katalon.core.main.TestCaseExecutor.doExecute(TestCaseExecutor.java:439)
	at com.kms.katalon.core.main.TestCaseExecutor.processExecutionPhase(TestCaseExecutor.java:418)
	at com.kms.katalon.core.main.TestCaseExecutor.accessMainPhase(TestCaseExecutor.java:410)
	at com.kms.katalon.core.main.TestCaseExecutor.execute(TestCaseExecutor.java:285)
	at com.kms.katalon.core.common.CommonExecutor.accessTestCaseMainPhase(CommonExecutor.java:65)
	at com.kms.katalon.core.main.TestSuiteExecutor.accessTestSuiteMainPhase(TestSuiteExecutor.java:144)
	at com.kms.katalon.core.main.TestSuiteExecutor.execute(TestSuiteExecutor.java:106)
	at com.kms.katalon.core.main.TestCaseMain.startTestSuite(TestCaseMain.java:185)
	at com.kms.katalon.core.main.TestCaseMain$startTestSuite$0.call(Unknown Source)
	at TempTestSuite1678509631005.run(TempTestSuite1678509631005.groovy:36)]]></system-out>
      <system-err><![CDATA[2023-03-11 11:40:35 - [TEST_SUITE][FAILED] - SmokeTest: Test Cases/SmokeTest FAILED.
Reason:
com.kms.katalon.core.exception.StepFailedException: Feature file 'Include/features/InsertRecordBlood.feature' was failed
	at com.kms.katalon.core.keyword.internal.KeywordMain.stepFailed(KeywordMain.groovy:50)
	at com.kms.katalon.core.keyword.internal.KeywordMain.stepFailed(KeywordMain.groovy)
	at com.kms.katalon.core.keyword.internal.KeywordMain.stepFailed(KeywordMain.groovy:23)
	at com.kms.katalon.core.keyword.internal.KeywordMain$stepFailed$0.call(Unknown Source)
	at com.kms.katalon.core.cucumber.keyword.CucumberBuiltinKeywords$_runFeatureFile_closure1.doCall(CucumberBuiltinKeywords.groovy:114)
	at com.kms.katalon.core.cucumber.keyword.CucumberBuiltinKeywords$_runFeatureFile_closure1.doCall(CucumberBuiltinKeywords.groovy)
	at com.kms.katalon.core.keyword.internal.KeywordMain.runKeyword(KeywordMain.groovy:74)
	at com.kms.katalon.core.keyword.internal.KeywordMain.runKeyword(KeywordMain.groovy:68)
	at com.kms.katalon.core.keyword.internal.KeywordMain$runKeyword.call(Unknown Source)
	at com.kms.katalon.core.cucumber.keyword.CucumberBuiltinKeywords.runFeatureFile(CucumberBuiltinKeywords.groovy:75)
	at com.kms.katalon.core.cucumber.keyword.CucumberBuiltinKeywords$runFeatureFile$0.callStatic(Unknown Source)
	at com.kms.katalon.core.cucumber.keyword.CucumberBuiltinKeywords.runFeatureFile(CucumberBuiltinKeywords.groovy:248)
	at com.kms.katalon.core.cucumber.keyword.CucumberBuiltinKeywords$runFeatureFile.call(Unknown Source)
	at SmokeTest.run(SmokeTest:20)
	at com.kms.katalon.core.main.ScriptEngine.run(ScriptEngine.java:194)
	at com.kms.katalon.core.main.ScriptEngine.runScriptAsRawText(ScriptEngine.java:119)
	at com.kms.katalon.core.main.TestCaseExecutor.runScript(TestCaseExecutor.java:448)
	at com.kms.katalon.core.main.TestCaseExecutor.doExecute(TestCaseExecutor.java:439)
	at com.kms.katalon.core.main.TestCaseExecutor.processExecutionPhase(TestCaseExecutor.java:418)
	at com.kms.katalon.core.main.TestCaseExecutor.accessMainPhase(TestCaseExecutor.java:410)
	at com.kms.katalon.core.main.TestCaseExecutor.execute(TestCaseExecutor.java:285)
	at com.kms.katalon.core.common.CommonExecutor.accessTestCaseMainPhase(CommonExecutor.java:65)
	at com.kms.katalon.core.main.TestSuiteExecutor.accessTestSuiteMainPhase(TestSuiteExecutor.java:144)
	at com.kms.katalon.core.main.TestSuiteExecutor.execute(TestSuiteExecutor.java:106)
	at com.kms.katalon.core.main.TestCaseMain.startTestSuite(TestCaseMain.java:185)
	at com.kms.katalon.core.main.TestCaseMain$startTestSuite$0.call(Unknown Source)
	at TempTestSuite1678509631005.run(TempTestSuite1678509631005.groovy:36)]]></system-err>
   </testsuite>
</testsuites>
